  Bishop.cpp
  Collision.cpp
  Game.cpp
H:\Visual Studio 2019\Programs\LatestChess\LatestChess\Game.cpp(81,51): warning C4244:  'argument': conversion from 'double' to 'int', possible loss of data
H:\Visual Studio 2019\Programs\LatestChess\LatestChess\Game.cpp(81,76): warning C4244:  'argument': conversion from 'double' to 'int', possible loss of data
H:\Visual Studio 2019\Programs\LatestChess\LatestChess\Game.cpp(85,52): warning C4244:  'argument': conversion from 'double' to 'int', possible loss of data
H:\Visual Studio 2019\Programs\LatestChess\LatestChess\Game.cpp(85,77): warning C4244:  'argument': conversion from 'double' to 'int', possible loss of data
H:\Visual Studio 2019\Programs\LatestChess\LatestChess\Game.cpp(89,50): warning C4244:  'argument': conversion from 'double' to 'int', possible loss of data
H:\Visual Studio 2019\Programs\LatestChess\LatestChess\Game.cpp(89,75): warning C4244:  'argument': conversion from 'double' to 'int', possible loss of data
H:\Visual Studio 2019\Programs\LatestChess\LatestChess\Game.cpp(97,22): warning C4018:  '<': signed/unsigned mismatch
H:\Visual Studio 2019\Programs\LatestChess\LatestChess\Game.cpp(124,21): warning C4018:  '<': signed/unsigned mismatch
H:\Visual Studio 2019\Programs\LatestChess\LatestChess\Game.cpp(155,15): warning C4018:  '<': signed/unsigned mismatch
H:\Visual Studio 2019\Programs\LatestChess\LatestChess\Game.cpp(165,38): warning C4244:  'argument': conversion from 'double' to 'int', possible loss of data
H:\Visual Studio 2019\Programs\LatestChess\LatestChess\Game.cpp(166,27): warning C4244:  'argument': conversion from 'double' to 'int', possible loss of data
H:\Visual Studio 2019\Programs\LatestChess\LatestChess\Game.cpp(176,55): warning C4244:  'argument': conversion from 'double' to 'int', possible loss of data
H:\Visual Studio 2019\Programs\LatestChess\LatestChess\Game.cpp(176,42): warning C4244:  'argument': conversion from 'double' to 'int', possible loss of data
  Piece.cpp
  Queen.cpp
  Rook.cpp
  test.cpp
H:\Visual Studio 2019\Programs\LatestChess\LatestChess\Game.cpp(195,24): warning C4018:  '<': signed/unsigned mismatch
H:\Visual Studio 2019\Programs\LatestChess\LatestChess\test.cpp(41,34): warning C4244:  'argument': conversion from 'const double' to 'int', possible loss of data
H:\Visual Studio 2019\Programs\LatestChess\LatestChess\test.cpp(41,21): warning C4244:  'argument': conversion from 'const double' to 'int', possible loss of data
H:\Visual Studio 2019\Programs\LatestChess\LatestChess\test.cpp(57,23): warning C4018:  '<': signed/unsigned mismatch
H:\Visual Studio 2019\Programs\LatestChess\LatestChess\test.cpp(116,21): warning C4018:  '<': signed/unsigned mismatch
H:\Visual Studio 2019\Programs\LatestChess\LatestChess\test.cpp(170,20): warning C4018:  '<': signed/unsigned mismatch
H:\Visual Studio 2019\Programs\LatestChess\LatestChess\test.cpp(209,20): warning C4018:  '<': signed/unsigned mismatch
H:\Visual Studio 2019\Programs\LatestChess\LatestChess\test.cpp(336,2): warning C4244:  'argument': conversion from 'const double' to 'int', possible loss of data
H:\Visual Studio 2019\Programs\LatestChess\LatestChess\test.cpp(339,2): warning C4244:  'argument': conversion from 'const double' to 'int', possible loss of data
H:\Visual Studio 2019\Programs\LatestChess\LatestChess\test.cpp(342,2): warning C4244:  'argument': conversion from 'const double' to 'int', possible loss of data
H:\Visual Studio 2019\Programs\LatestChess\LatestChess\test.cpp(345,2): warning C4244:  'argument': conversion from 'const double' to 'int', possible loss of data
  Generating Code...
H:\Visual Studio 2019\Programs\LatestChess\LatestChess\test.cpp(392,12): warning C4244:  'argument': conversion from 'time_t' to 'unsigned int', possible loss of data
  LatestChess.vcxproj -> H:\Visual Studio 2019\Programs\LatestChess\Debug\LatestChess.exe
